<?xml version="1.0" encoding="UTF-8"?>
<!-- Generated by org.testng.reporters.JUnitXMLReporter -->
<testsuite hostname="Admins-MacBook-Pro-2.local" ignored="0" name="Test" tests="1" failures="1" timestamp="28 Sep 2018 19:01:53 GMT" time="30.806" errors="0">
  <testcase name="@AfterMethod closeApp" time="0.145" classname="com.Library.BaseClass">
    <failure type="org.openqa.selenium.WebDriverException" message="An unknown server-side error occurred while processing the command. Original error: Could not proxy. Proxy error: Could not proxy command to remote server. Original error: 404 - undefined (WARNING: The server did not provide any stacktrace information)
Command duration or timeout: 103 milliseconds
Build info: version: &amp;apos;3.4.0&amp;apos;, revision: &amp;apos;unknown&amp;apos;, time: &amp;apos;unknown&amp;apos;
System info: host: &amp;apos;Admins-MacBook-Pro-2.local&amp;apos;, ip: &amp;apos;fe80:0:0:0:14f0:85a7:4728:dfa9%en0&amp;apos;, os.name: &amp;apos;Mac OS X&amp;apos;, os.arch: &amp;apos;x86_64&amp;apos;, os.version: &amp;apos;10.13.6&amp;apos;, java.version: &amp;apos;1.8.0_181&amp;apos;
Driver info: io.appium.java_client.android.AndroidDriver
Capabilities [{appPackage=com.ebay.mobile, statBarHeight=36, noReset=false, viewportRect={top=36, left=0, width=480, height=764}, deviceName=emulator-5554, fullReset=false, platform=LINUX, deviceUDID=emulator-5554, desired={app=/Users/vini/Downloads/EbayApp//appFiles//eBay.apk, appPackage=com.ebay.mobile, appActivity=com.ebay.mobile.activities.MainActivity, noReset=false, newCommandTimeout=2000, platformVersion=9, automationName=UiAutomator2, platformName=Android, deviceName=Nexus_S_API_28:5554, fullReset=false}, newCommandTimeout=2000, platformVersion=9, webStorageEnabled=false, automationName=UiAutomator2, takesScreenshot=true, javascriptEnabled=true, platformName=Android, deviceManufacturer=Google, deviceApiLevel=28, app=/Users/vini/Downloads/EbayApp//appFiles//eBay.apk, deviceScreenSize=480x800, networkConnectionEnabled=true, warnings={}, databaseEnabled=false, appActivity=com.ebay.mobile.activities.MainActivity, pixelRatio=1.5, locationContextEnabled=false, deviceScreenDensity=240, deviceModel=Android SDK built for x86}]
Session ID: d7cb9253-4467-4674-a50d-5978849901d1">
      <![CDATA[org.openqa.selenium.WebDriverException: An unknown server-side error occurred while processing the command. Original error: Could not proxy. Proxy error: Could not proxy command to remote server. Original error: 404 - undefined (WARNING: The server did not provide any stacktrace information)
Command duration or timeout: 103 milliseconds
Build info: version: '3.4.0', revision: 'unknown', time: 'unknown'
System info: host: 'Admins-MacBook-Pro-2.local', ip: 'fe80:0:0:0:14f0:85a7:4728:dfa9%en0', os.name: 'Mac OS X', os.arch: 'x86_64', os.version: '10.13.6', java.version: '1.8.0_181'
Driver info: io.appium.java_client.android.AndroidDriver
Capabilities [{appPackage=com.ebay.mobile, statBarHeight=36, noReset=false, viewportRect={top=36, left=0, width=480, height=764}, deviceName=emulator-5554, fullReset=false, platform=LINUX, deviceUDID=emulator-5554, desired={app=/Users/vini/Downloads/EbayApp//appFiles//eBay.apk, appPackage=com.ebay.mobile, appActivity=com.ebay.mobile.activities.MainActivity, noReset=false, newCommandTimeout=2000, platformVersion=9, automationName=UiAutomator2, platformName=Android, deviceName=Nexus_S_API_28:5554, fullReset=false}, newCommandTimeout=2000, platformVersion=9, webStorageEnabled=false, automationName=UiAutomator2, takesScreenshot=true, javascriptEnabled=true, platformName=Android, deviceManufacturer=Google, deviceApiLevel=28, app=/Users/vini/Downloads/EbayApp//appFiles//eBay.apk, deviceScreenSize=480x800, networkConnectionEnabled=true, warnings={}, databaseEnabled=false, appActivity=com.ebay.mobile.activities.MainActivity, pixelRatio=1.5, locationContextEnabled=false, deviceScreenDensity=240, deviceModel=Android SDK built for x86}]
Session ID: d7cb9253-4467-4674-a50d-5978849901d1
	at org.openqa.selenium.remote.ErrorHandler.createThrowable(ErrorHandler.java:215)
	at org.openqa.selenium.remote.ErrorHandler.throwIfResponseFailed(ErrorHandler.java:167)
	at org.openqa.selenium.remote.RemoteWebDriver.execute(RemoteWebDriver.java:671)
	at io.appium.java_client.DefaultGenericMobileDriver.execute(DefaultGenericMobileDriver.java:46)
	at io.appium.java_client.AppiumDriver.execute(AppiumDriver.java:1)
	at io.appium.java_client.android.AndroidDriver.execute(AndroidDriver.java:1)
	at org.openqa.selenium.remote.RemoteWebDriver.close(RemoteWebDriver.java:523)
	at com.Library.BaseClass.closeApp(BaseClass.java:54)
... Removed 31 stack frames]]>
    </failure>
  </testcase> <!-- @AfterMethod closeApp -->
  <testcase name="loginTest" time="0.059" classname="com.Script.LoginScript">
    <failure type="java.lang.IllegalArgumentException" message="Can not set io.appium.java_client.MobileElement field com.Pages.LoginPage.hamburgMenu to com.sun.proxy.$Proxy7">
      <![CDATA[java.lang.IllegalArgumentException: Can not set io.appium.java_client.MobileElement field com.Pages.LoginPage.hamburgMenu to com.sun.proxy.$Proxy7
	at org.openqa.selenium.support.PageFactory.proxyFields(PageFactory.java:117)
	at org.openqa.selenium.support.PageFactory.initElements(PageFactory.java:105)
	at org.openqa.selenium.support.PageFactory.initElements(PageFactory.java:92)
	at org.openqa.selenium.support.PageFactory.initElements(PageFactory.java:79)
	at com.Pages.LoginPage.<init>(LoginPage.java:16)
	at com.Script.LoginScript.loginTest(LoginScript.java:20)
... Removed 29 stack frames]]>
    </failure>
  </testcase> <!-- loginTest -->
</testsuite> <!-- Test -->
