<?xml version="1.0" encoding="UTF-8"?>
<!-- Generated by org.testng.reporters.JUnitXMLReporter -->
<testsuite hostname="Admins-MacBook-Pro-2.local" ignored="0" name="Test" tests="1" failures="0" timestamp="28 Sep 2018 18:46:10 GMT" time="0.056" errors="0">
  <testcase name="@BeforeMethod launchApp" time="0.03" classname="com.Library.BaseClass">
    <failure type="java.lang.NoClassDefFoundError" message="org/openqa/selenium/logging/LoggingHandler">
      <![CDATA[java.lang.NoClassDefFoundError: org/openqa/selenium/logging/LoggingHandler
	at com.Library.BaseClass.launchApp(BaseClass.java:52)
Caused by: java.lang.ClassNotFoundException: org.openqa.selenium.logging.LoggingHandler
	at java.net.URLClassLoader.findClass(URLClassLoader.java:381)
	at java.lang.ClassLoader.loadClass(ClassLoader.java:424)
	at sun.misc.Launcher$AppClassLoader.loadClass(Launcher.java:349)
	at java.lang.ClassLoader.loadClass(ClassLoader.java:357)
	... 31 more
... Removed 30 stack frames]]>
    </failure>
  </testcase> <!-- @BeforeMethod launchApp -->
  <testcase name="loginTest" time="0.0" classname="com.Script.LoginScript">
    <skipped/>
  </testcase> <!-- loginTest -->
</testsuite> <!-- Test -->
